<?xml version="1.0" encoding="UTF-8"?>
<!-- Generated by org.testng.reporters.JUnitReportReporter -->
<testsuite hostname="AREY" failures="0" tests="3" name="runners.TestRunner" time="0.732" errors="0" timestamp="2025-03-14T18:28:18 TRT" skipped="0">
  <testcase classname="runners.TestRunner" name="runScenario" time="0.255"/>
  <testcase classname="runners.TestRunner" name="runScenario" time="0.255"/>
  <testcase classname="runners.TestRunner" name="runScenario" time="0.222"/>
</testsuite> <!-- runners.TestRunner -->
